make all --print-data-base --no-builtin-variables --no-builtin-rules --question
# GNU Make 3.81
# Copyright (C) 2006  Free Software Foundation, Inc.
# This is free software; see the source for copying conditions.
# There is NO warranty; not even for MERCHANTABILITY or FITNESS FOR A
# PARTICULAR PURPOSE.

# This program built for i386-apple-darwin11.3.0
 
make[1]: *** No rule to make target `all'.  Stop.


# Make data base, printed on Sun Jul 24 20:28:44 2022

# Variables

# automatic
<D = $(patsubst %/,%,$(dir $<))
# automatic
?F = $(notdir $?)
# environment
 
ELECTRON_NO_ATTACH_CONSOLE = 1
# environment
FIG_WORKFLOWS_KEYBIND = ^f
# environment
GREP_COLOR = 37;45
# automatic
?D = $(patsubst %/,%,$(dir $?))
# automatic
@D = $(patsubst %/,%,$(dir $@))
# automatic
@F = $(notdir $@)
# makefile
CURDIR := /Users/shinya/Development/university/class/2022s/big_data_processing/final
# makefile
SHELL = /bin/sh
# environment
PROMPT_EOL_MARK = 
# environment
VSCODE_NLS_CONFIG = {"locale":"ja","availableLanguages":{"*":"ja"},"_languagePackId":"29207410cd77a70b4b25e4878dda93be.ja","_translationsConfigFile":"/Users/shinya/Library/Application Support/Code/clp/29207410cd77a70b4b25e4878dda93be.ja/tcf.json","_cacheRoot":"/Users/shinya/Library/Application Support/Code/clp/29207410cd77a70b4b25e4878dda93be.ja","_resolvedLanguagePackCoreLocation":"/Users/shinya/Library/Application Support/Code/clp/29207410cd77a70b4b25e4878dda93be.ja/3b889b090b5ad5793f524b5d1d39fda662b96a2a","_corruptedFile":"/Users/shinya/Library/Application Support/Code/clp/29207410cd77a70b4b25e4878dda93be.ja/corrupted.info","_languagePackSupport":true}
# environment
_ = /usr/bin/make
# makefile (from `Makefile', line 1)
MAKEFILE_LIST :=  Makefile
# environment
LESS_TERMCAP_se = [0m
# environment
__CFBundleIdentifier = com.microsoft.VSCode
# environment
INFOPATH = /opt/homebrew/share/info:
# environment
VSCODE_CWD = /Users/shinya/Development/university/class/2022s/big_data_processing/final/src
# environment
LESS_TERMCAP_me = [0m
# environment
LESS_TERMCAP_mb = [01;31m
# environment
LSCOLORS = exfxcxdxbxegedabagacad
# environment
VIRTUAL_ENV = /Users/shinya/.local/share/virtualenvs/final-vwXeXlrz
# environment
ELECTRON_RUN_AS_NODE = 1
# environment
KUBECONFIG = /Users/shinya/.kube/jamroll/prod.yaml
# default
.FEATURES := target-specific order-only second-expansion else-if archives jobserver check-symlink
# environment
SSH_AUTH_SOCK = /private/tmp/com.apple.launchd.H4oF55bOCN/Listeners
# automatic
%F = $(notdir $%)
# environment
PIPENV_ACTIVE = 1
# environment
TTY = /dev/ttys007
# environment
FIG_PID = 54736
# environment
PWD = /Users/shinya/Development/university/class/2022s/big_data_processing/final
# environment
HOMEBREW_CELLAR = /opt/homebrew/Cellar
# environment
ORIGINAL_XDG_CURRENT_DESKTOP = undefined
# environment
LESS_TERMCAP_ue = [0m
# environment
MANPATH = /opt/homebrew/share/man::
# environment
PIP_DISABLE_PIP_VERSION_CHECK = 1
# environment
VSCODE_AMD_ENTRYPOINT = vs/workbench/api/node/extensionHostProcess
# environment
HOME = /Users/shinya
# default
MAKEFILEPATH = $(shell /usr/bin/xcode-select -print-path 2>/dev/null || echo /Developer)/Makefiles
# environment
VSCODE_CLI = 1
# environment
VSCODE_CODE_CACHE_PATH = /Users/shinya/Library/Application Support/Code/CachedData/3b889b090b5ad5793f524b5d1d39fda662b96a2a
# environment
LOGNAME = shinya
# environment
DIRHELPER_USER_DIR_SUFFIX = com.apple.appstoreagent
# environment
APPLICATION_INSIGHTS_NO_DIAGNOSTIC_CHANNEL = true
# environment
VSCODE_HANDLES_UNCAUGHT_ERRORS = true
# automatic
^D = $(patsubst %/,%,$(dir $^))
# environment
LESS_TERMCAP_md = [01;31m
# environment
XPC_FLAGS = 0x0
# environment
COLORTERM = truecolor
# default
MAKE = $(MAKE_COMMAND)
# environment
LC_TERMINAL = iTerm2
# environment
PATH = /Users/shinya/.local/share/virtualenvs/final-vwXeXlrz/bin:/opt/homebrew/bin:/opt/homebrew/sbin:/usr/local/bin:/usr/bin:/bin:/usr/sbin:/sbin:/Users/shinya/.fig/bin:/Users/shinya/.local/bin
# environment
SHLVL = 4
# environment
FIG_TERM = 1
# environment
LESS_TERMCAP_so = [00;47;30m
# environment
AWS_PROFILE = jamroll
# default
MAKE_VERSION := 3.81
# environment
USER = shinya
# environment
FIG_TERM_VERSION = 4.4.1
# default
MAKECMDGOALS := all
# environment
TERM_SESSION_ID = w0t3p0:9049D816-E545-4CDB-BAAE-56A7753472E1
# automatic
%D = $(patsubst %/,%,$(dir $%))
# environment
FIG_INTEGRATION_VERSION = 8
# default
MAKE_COMMAND := /Library/Developer/CommandLineTools/usr/bin/make
# environment
GREP_COLORS = mt=37;45
# environment
PYTHONDONTWRITEBYTECODE = 1
# environment
TERM_PROGRAM = iTerm.app
# default
.VARIABLES := 
# environment
TMPDIR = /var/folders/52/3gy3vlqx7q30hk251lxjk99r0000gn/T/com.apple.appstoreagent/
# automatic
*F = $(notdir $*)
# environment
VSCODE_IPC_HOOK = /Users/shinya/Library/Application Support/Code/1.69.2-main.sock
# environment
MallocNanoZone = 0
# makefile
MAKEFLAGS = Rrqp
# environment
MFLAGS = -Rrqp
# automatic
*D = $(patsubst %/,%,$(dir $*))
# environment
TERM_PROGRAM_VERSION = 3.4.16
# environment
XPC_SERVICE_NAME = application.com.microsoft.VSCode.815652.815658.C340C703-7B0E-4A50-BEBD-7AF5910CC17E
# environment
LESS_TERMCAP_us = [01;32m
# environment
LC_TERMINAL_VERSION = 3.4.16
# environment
HOMEBREW_PREFIX = /opt/homebrew
# automatic
+D = $(patsubst %/,%,$(dir $+))
# automatic
+F = $(notdir $+)
# environment
ITERM_SESSION_ID = w0t3p0:9049D816-E545-4CDB-BAAE-56A7753472E1
# environment
HOMEBREW_REPOSITORY = /opt/homebrew
# environment
COLORFGBG = 15;0
# environment
__CF_USER_TEXT_ENCODING = 0x1F5:0x1:0xE
# environment
COMMAND_MODE = unix2003
# default
MAKEFILES := 
# automatic
<F = $(notdir $<)
 
# environment
ITERM_PROFILE = Iceberg
# environment
LC_ALL = C
# environment
CONDA_CHANGEPS1 = no
# environment
VIRTUAL_ENV_DISABLE_PROMPT = 12
# automatic
^F = $(notdir $^)
# environment
PIP_PYTHON_PATH = /Library/Developer/CommandLineTools/usr/bin/python3
# default
SUFFIXES := 
# environment
MAKELEVEL := 1
# makefile
.DEFAULT_GOAL := install
# environment
LANG = C
# environment
TERM = xterm-256color
# environment
VSCODE_PID = 96238
# variable set hash-table stats:
# Load=101/1024=10%, Rehash=0, Collisions=8/127=6%

# Pattern-specific Variable Values

# No pattern-specific variable values.

# Directories

# . (device 16777231, inode 1280471): 12 files, no impossibilities.

# 12 files, no impossibilities in 1 directories.

# Implicit Rules

# No implicit rules.

# Files

# Not a target:
all:
#  Command-line target.
#  Implicit rule search has been done.
#  File does not exist.
#  File has not been updated.
# variable set hash-table stats:
# Load=0/32=0%, Rehash=0, Collisions=0/0=0%

# Not a target:
.SUFFIXES:
#  Implicit rule search has not been done.
#  Modification time never checked.
#  File has not been updated.

# Not a target:
Makefile:
#  Implicit rule search has been done.
#  Last modified 2022-07-23 19:38:19
#  File has been updated.
#  Successfully updated.
# variable set hash-table stats:
# Load=0/32=0%, Rehash=0, Collisions=0/0=0%

# Not a target:
.DEFAULT:
#  Implicit rule search has not been done.
#  Modification time never checked.
#  File has not been updated.

shell:
#  Implicit rule search has not been done.
#  Modification time never checked.
#  File has not been updated.
#  commands to execute (from `Makefile', line 5):
	pipenv shell
	

install:
#  Implicit rule search has not been done.
#  Modification time never checked.
#  File has not been updated.
#  commands to execute (from `Makefile', line 2):
	pipenv install -r ./requirements.txt
	

# files hash-table stats:
# Load=6/1024=1%, Rehash=0, Collisions=1/18=6%
 
# VPATH Search Paths

# No `vpath' search paths.

# No general (`VPATH' variable) search path.

# # of strings in strcache: 1
# # of strcache buffers: 1
# strcache size: total = 4096 / max = 4096 / min = 4096 / avg = 4096
# strcache free: total = 4087 / max = 4087 / min = 4087 / avg = 4087

# Finished Make data base on Sun Jul 24 20:28:44 2022

 
